GAS LISTING /var/folders/39/2gz9k98n5sg_yl5wg_yt35kh0000gn/T//ccuhJTZW.s 			page 1


   1               		.file	"osccal.c"
   2               	__SREG__ = 0x3f
   3               	__SP_H__ = 0x3e
   4               	__SP_L__ = 0x3d
   5               	__CCP__  = 0x34
   6               	__tmp_reg__ = 0
   7               	__zero_reg__ = 1
   8               		.global __do_copy_data
   9               		.global __do_clear_bss
  10               		.text
  11               	.global	calibrateOscillator
  12               		.type	calibrateOscillator, @function
  13               	calibrateOscillator:
  14 0000 FF92      		push r15
  15 0002 0F93      		push r16
  16 0004 1F93      		push r17
  17 0006 CF93      		push r28
  18 0008 DF93      		push r29
  19               	/* prologue: function */
  20               	/* frame size = 0 */
  21 000a 80E8      		ldi r24,lo8(-128)
  22 000c F82E      		mov r15,r24
  23 000e 00E0      		ldi r16,lo8(0)
  24 0010 C0E0      		ldi r28,lo8(0)
  25 0012 D0E0      		ldi r29,hi8(0)
  26               	.L4:
  27 0014 102F      		mov r17,r16
  28 0016 1F0D      		add r17,r15
  29 0018 11BF      		out 81-32,r17
  30 001a 00D0      		rcall usbMeasureFrameLength
  31 001c 29E0      		ldi r18,hi8(2356)
  32 001e 8433      		cpi r24,lo8(2356)
  33 0020 9207      		cpc r25,r18
  34 0022 04F0      		brlt .L2
  35 0024 102F      		mov r17,r16
  36               	.L2:
  37 0026 F694      		lsr r15
  38 0028 2196      		adiw r28,1
  39 002a C830      		cpi r28,8
  40 002c D105      		cpc r29,__zero_reg__
  41 002e 01F0      		breq .L3
  42 0030 012F      		mov r16,r17
  43 0032 00C0      		rjmp .L4
  44               	.L3:
  45 0034 1150      		subi r17,lo8(-(-1))
  46 0036 11BF      		out 81-32,r17
  47 0038 1F5F      		subi r17,lo8(-(1))
  48 003a 012F      		mov r16,r17
  49 003c EC01      		movw r28,r24
  50 003e 00C0      		rjmp .L5
  51               	.L8:
  52 0040 00D0      		rcall usbMeasureFrameLength
  53 0042 8453      		subi r24,lo8(-(-2356))
  54 0044 9940      		sbci r25,hi8(-(-2356))
  55 0046 97FF      		sbrs r25,7
  56 0048 00C0      		rjmp .L6
  57 004a 9095      		com r25
GAS LISTING /var/folders/39/2gz9k98n5sg_yl5wg_yt35kh0000gn/T//ccuhJTZW.s 			page 2


  58 004c 8195      		neg r24
  59 004e 9F4F      		sbci r25,lo8(-1)
  60               	.L6:
  61 0050 8C17      		cp r24,r28
  62 0052 9D07      		cpc r25,r29
  63 0054 04F4      		brge .L7
  64 0056 01B7      		in r16,81-32
  65 0058 EC01      		movw r28,r24
  66               	.L7:
  67 005a 81B7      		in r24,81-32
  68 005c 8F5F      		subi r24,lo8(-(1))
  69 005e 81BF      		out 81-32,r24
  70               	.L5:
  71 0060 21B7      		in r18,81-32
  72 0062 30E0      		ldi r19,lo8(0)
  73 0064 812F      		mov r24,r17
  74 0066 90E0      		ldi r25,lo8(0)
  75 0068 0196      		adiw r24,1
  76 006a 8217      		cp r24,r18
  77 006c 9307      		cpc r25,r19
  78 006e 04F4      		brge .L8
  79 0070 01BF      		out 81-32,r16
  80               	/* epilogue start */
  81 0072 DF91      		pop r29
  82 0074 CF91      		pop r28
  83 0076 1F91      		pop r17
  84 0078 0F91      		pop r16
  85 007a FF90      		pop r15
  86 007c 0895      		ret
  87               		.size	calibrateOscillator, .-calibrateOscillator
GAS LISTING /var/folders/39/2gz9k98n5sg_yl5wg_yt35kh0000gn/T//ccuhJTZW.s 			page 3


DEFINED SYMBOLS
                            *ABS*:00000000 osccal.c
/var/folders/39/2gz9k98n5sg_yl5wg_yt35kh0000gn/T//ccuhJTZW.s:2      *ABS*:0000003f __SREG__
/var/folders/39/2gz9k98n5sg_yl5wg_yt35kh0000gn/T//ccuhJTZW.s:3      *ABS*:0000003e __SP_H__
/var/folders/39/2gz9k98n5sg_yl5wg_yt35kh0000gn/T//ccuhJTZW.s:4      *ABS*:0000003d __SP_L__
/var/folders/39/2gz9k98n5sg_yl5wg_yt35kh0000gn/T//ccuhJTZW.s:5      *ABS*:00000034 __CCP__
/var/folders/39/2gz9k98n5sg_yl5wg_yt35kh0000gn/T//ccuhJTZW.s:6      *ABS*:00000000 __tmp_reg__
/var/folders/39/2gz9k98n5sg_yl5wg_yt35kh0000gn/T//ccuhJTZW.s:7      *ABS*:00000001 __zero_reg__
/var/folders/39/2gz9k98n5sg_yl5wg_yt35kh0000gn/T//ccuhJTZW.s:13     .text:00000000 calibrateOscillator

UNDEFINED SYMBOLS
__do_copy_data
__do_clear_bss
usbMeasureFrameLength
